INFO:     Will watch for changes in these directories: ['/Users/raghavganesh/Documents/Code Projects/Language Learning Project/agentic_curriculum']
INFO:     Uvicorn running on http://0.0.0.0:8000 (Press CTRL+C to quit)
INFO:     Started reloader process [6692] using WatchFiles
/Users/raghavganesh/Documents/Code Projects/Language Learning Project/agentic_curriculum/backend/agents/react_agent.py:12: FutureWarning: 

All support for the `google.generativeai` package has ended. It will no longer be receiving 
updates or bug fixes. Please switch to the `google.genai` package as soon as possible.
See README for more details:

https://github.com/google-gemini/deprecated-generative-ai-python/blob/main/README.md

  import google.generativeai as genai
INFO:     Started server process [6901]
INFO:     Waiting for application startup.
INFO:     Application startup complete.
INFO:     127.0.0.1:49683 - "GET /api/tasks?limit=50 HTTP/1.1" 200 OK
INFO:     127.0.0.1:49683 - "GET /api/tasks?limit=50 HTTP/1.1" 200 OK
INFO:     127.0.0.1:49683 - "GET /api/tasks?limit=50 HTTP/1.1" 200 OK
INFO:     127.0.0.1:49683 - "GET /api/tasks?limit=50 HTTP/1.1" 200 OK
INFO:     127.0.0.1:49683 - "GET /api/tasks?limit=50 HTTP/1.1" 200 OK
INFO:     127.0.0.1:49683 - "GET /api/tasks?limit=50 HTTP/1.1" 200 OK
INFO:     127.0.0.1:49683 - "GET /api/tasks?limit=50 HTTP/1.1" 200 OK
INFO:     127.0.0.1:49683 - "GET /api/tasks?limit=50 HTTP/1.1" 200 OK
INFO:     127.0.0.1:49683 - "GET /api/tasks?limit=50 HTTP/1.1" 200 OK
INFO:     127.0.0.1:49683 - "GET /api/tasks?limit=50 HTTP/1.1" 200 OK
INFO:     127.0.0.1:49683 - "GET /api/tasks?limit=50 HTTP/1.1" 200 OK
INFO:     127.0.0.1:49683 - "GET /api/tasks?limit=50 HTTP/1.1" 200 OK
INFO:     127.0.0.1:49683 - "GET /api/tasks?limit=50 HTTP/1.1" 200 OK
INFO:     127.0.0.1:49683 - "GET /api/tasks?limit=50 HTTP/1.1" 200 OK
INFO:     127.0.0.1:49683 - "GET /api/tasks?limit=50 HTTP/1.1" 200 OK
INFO:     127.0.0.1:49683 - "GET /api/tasks?limit=50 HTTP/1.1" 200 OK
INFO:     127.0.0.1:49683 - "GET /api/tasks?limit=50 HTTP/1.1" 200 OK
INFO:     127.0.0.1:49683 - "GET /api/tasks?limit=50 HTTP/1.1" 200 OK
INFO:     127.0.0.1:49683 - "GET /api/tasks?limit=50 HTTP/1.1" 200 OK
INFO:     127.0.0.1:49683 - "GET /api/tasks?limit=50 HTTP/1.1" 200 OK
INFO:     127.0.0.1:49683 - "GET /api/tasks?limit=50 HTTP/1.1" 200 OK
INFO:     127.0.0.1:49683 - "GET /api/tasks?limit=50 HTTP/1.1" 200 OK
INFO:     127.0.0.1:49683 - "GET /api/tasks?limit=50 HTTP/1.1" 200 OK
INFO:     127.0.0.1:49683 - "GET /api/tasks?limit=50 HTTP/1.1" 200 OK
INFO:     127.0.0.1:49683 - "GET /api/tasks?limit=50 HTTP/1.1" 200 OK
INFO:     127.0.0.1:49683 - "GET /api/tasks?limit=50 HTTP/1.1" 200 OK
INFO:     127.0.0.1:49683 - "GET /api/tasks?limit=50 HTTP/1.1" 200 OK
INFO:     127.0.0.1:49683 - "GET /api/tasks?limit=50 HTTP/1.1" 200 OK
INFO:     127.0.0.1:49683 - "GET /api/tasks?limit=50 HTTP/1.1" 200 OK
INFO:     127.0.0.1:49683 - "GET /api/tasks?limit=50 HTTP/1.1" 200 OK
INFO:     127.0.0.1:49683 - "GET /api/tasks?limit=50 HTTP/1.1" 200 OK
INFO:     127.0.0.1:49683 - "GET /api/tasks?limit=50 HTTP/1.1" 200 OK
INFO:     127.0.0.1:49683 - "GET /api/tasks?limit=50 HTTP/1.1" 200 OK
INFO:     127.0.0.1:49683 - "GET /api/tasks?limit=50 HTTP/1.1" 200 OK
INFO:     127.0.0.1:49683 - "GET /api/tasks?limit=50 HTTP/1.1" 200 OK
INFO:     127.0.0.1:49683 - "GET /api/tasks?limit=50 HTTP/1.1" 200 OK
INFO:     127.0.0.1:49683 - "GET /api/tasks?limit=50 HTTP/1.1" 200 OK
INFO:     127.0.0.1:49683 - "GET /api/tasks?limit=50 HTTP/1.1" 200 OK
INFO:     127.0.0.1:49683 - "GET /api/tasks?limit=50 HTTP/1.1" 200 OK
INFO:     127.0.0.1:49683 - "GET /api/tasks?limit=50 HTTP/1.1" 200 OK
INFO:     127.0.0.1:49683 - "GET /api/tasks?limit=50 HTTP/1.1" 200 OK
INFO:     127.0.0.1:49683 - "GET /api/tasks?limit=50 HTTP/1.1" 200 OK
INFO:     127.0.0.1:50200 - "GET /api/tasks?limit=50 HTTP/1.1" 200 OK
INFO:     127.0.0.1:50462 - "GET /api/tasks?limit=50 HTTP/1.1" 200 OK
INFO:     127.0.0.1:50731 - "GET /api/tasks?limit=50 HTTP/1.1" 200 OK
INFO:     127.0.0.1:50983 - "GET /api/tasks?limit=50 HTTP/1.1" 200 OK
INFO:     127.0.0.1:51233 - "GET /api/tasks?limit=50 HTTP/1.1" 200 OK
INFO:     127.0.0.1:51478 - "GET /api/tasks?limit=50 HTTP/1.1" 200 OK
INFO:     127.0.0.1:51721 - "GET /api/tasks?limit=50 HTTP/1.1" 200 OK
INFO:     127.0.0.1:51971 - "GET /api/tasks?limit=50 HTTP/1.1" 200 OK
INFO:     127.0.0.1:52217 - "GET /api/tasks?limit=50 HTTP/1.1" 200 OK
INFO:     127.0.0.1:52467 - "GET /api/tasks?limit=50 HTTP/1.1" 200 OK
INFO:     127.0.0.1:52735 - "GET /api/tasks?limit=50 HTTP/1.1" 200 OK
INFO:     127.0.0.1:53007 - "GET /api/tasks?limit=50 HTTP/1.1" 200 OK
INFO:     127.0.0.1:53255 - "GET /api/tasks?limit=50 HTTP/1.1" 200 OK
INFO:     127.0.0.1:53505 - "GET /api/tasks?limit=50 HTTP/1.1" 200 OK
INFO:     127.0.0.1:53874 - "GET /api/tasks?limit=50 HTTP/1.1" 200 OK
INFO:     127.0.0.1:54131 - "GET /api/tasks?limit=50 HTTP/1.1" 200 OK
INFO:     127.0.0.1:54372 - "GET /api/tasks?limit=50 HTTP/1.1" 200 OK
INFO:     127.0.0.1:54474 - "GET /api/tasks?limit=50 HTTP/1.1" 200 OK
INFO:     127.0.0.1:54474 - "GET /api/tasks?limit=50 HTTP/1.1" 200 OK
INFO:     127.0.0.1:54474 - "GET /api/tasks?limit=50 HTTP/1.1" 200 OK
INFO:     127.0.0.1:54474 - "GET /api/tasks?limit=50 HTTP/1.1" 200 OK
INFO:     127.0.0.1:54474 - "GET /api/tasks?limit=50 HTTP/1.1" 200 OK
INFO:     127.0.0.1:54474 - "GET /api/tasks?limit=50 HTTP/1.1" 200 OK
INFO:     127.0.0.1:54474 - "GET /api/tasks?limit=50 HTTP/1.1" 200 OK
INFO:     127.0.0.1:54474 - "GET /api/tasks?limit=50 HTTP/1.1" 200 OK
INFO:     127.0.0.1:54474 - "GET /api/tasks?limit=50 HTTP/1.1" 200 OK
INFO:     127.0.0.1:54474 - "GET /api/tasks?limit=50 HTTP/1.1" 200 OK
INFO:     127.0.0.1:54474 - "GET /api/tasks?limit=50 HTTP/1.1" 200 OK
INFO:     127.0.0.1:54474 - "GET /api/tasks?limit=50 HTTP/1.1" 200 OK
INFO:     127.0.0.1:54474 - "GET /api/tasks?limit=50 HTTP/1.1" 200 OK
INFO:     127.0.0.1:54474 - "GET /api/tasks?limit=50 HTTP/1.1" 200 OK
INFO:     127.0.0.1:54474 - "GET /api/tasks?limit=50 HTTP/1.1" 200 OK
INFO:     127.0.0.1:54474 - "GET /api/tasks?limit=50 HTTP/1.1" 200 OK
INFO:     127.0.0.1:54474 - "GET /api/tasks?limit=50 HTTP/1.1" 200 OK
INFO:     127.0.0.1:54474 - "GET /api/tasks?limit=50 HTTP/1.1" 200 OK
INFO:     127.0.0.1:54474 - "GET /api/tasks?limit=50 HTTP/1.1" 200 OK
INFO:     127.0.0.1:54474 - "GET /api/tasks?limit=50 HTTP/1.1" 200 OK
INFO:     127.0.0.1:54474 - "GET /api/tasks?limit=50 HTTP/1.1" 200 OK
INFO:     127.0.0.1:54474 - "GET /api/tasks?limit=50 HTTP/1.1" 200 OK
INFO:     127.0.0.1:54474 - "GET /api/tasks?limit=50 HTTP/1.1" 200 OK
INFO:     127.0.0.1:54474 - "GET /api/tasks?limit=50 HTTP/1.1" 200 OK
INFO:     127.0.0.1:54474 - "GET /api/tasks?limit=50 HTTP/1.1" 200 OK
INFO:     127.0.0.1:54474 - "GET /api/tasks?limit=50 HTTP/1.1" 200 OK
INFO:     127.0.0.1:54474 - "GET /api/tasks?limit=50 HTTP/1.1" 200 OK
INFO:     127.0.0.1:54474 - "GET /api/tasks?limit=50 HTTP/1.1" 200 OK
INFO:     127.0.0.1:54474 - "GET /api/tasks?limit=50 HTTP/1.1" 200 OK
INFO:     127.0.0.1:54474 - "GET /api/tasks?limit=50 HTTP/1.1" 200 OK
INFO:     127.0.0.1:54474 - "GET /api/tasks?limit=50 HTTP/1.1" 200 OK
INFO:     127.0.0.1:54474 - "GET /api/tasks?limit=50 HTTP/1.1" 200 OK
INFO:     127.0.0.1:54865 - "GET /api/tasks?limit=50 HTTP/1.1" 200 OK
INFO:     127.0.0.1:55109 - "GET /api/tasks?limit=50 HTTP/1.1" 200 OK
INFO:     127.0.0.1:55351 - "GET /api/tasks?limit=50 HTTP/1.1" 200 OK
INFO:     127.0.0.1:55591 - "GET /api/tasks?limit=50 HTTP/1.1" 200 OK
INFO:     127.0.0.1:55834 - "GET /api/tasks?limit=50 HTTP/1.1" 200 OK
INFO:     127.0.0.1:56079 - "GET /api/tasks?limit=50 HTTP/1.1" 200 OK
INFO:     127.0.0.1:56324 - "GET /api/tasks?limit=50 HTTP/1.1" 200 OK
INFO:     127.0.0.1:56564 - "GET /api/tasks?limit=50 HTTP/1.1" 200 OK
INFO:     127.0.0.1:56807 - "GET /api/tasks?limit=50 HTTP/1.1" 200 OK
INFO:     127.0.0.1:57049 - "GET /api/tasks?limit=50 HTTP/1.1" 200 OK
INFO:     127.0.0.1:57299 - "GET /api/tasks?limit=50 HTTP/1.1" 200 OK
INFO:     127.0.0.1:57545 - "GET /api/tasks?limit=50 HTTP/1.1" 200 OK
INFO:     127.0.0.1:57784 - "GET /api/tasks?limit=50 HTTP/1.1" 200 OK
INFO:     127.0.0.1:58027 - "GET /api/tasks?limit=50 HTTP/1.1" 200 OK
INFO:     127.0.0.1:58270 - "GET /api/tasks?limit=50 HTTP/1.1" 200 OK
INFO:     127.0.0.1:58514 - "GET /api/tasks?limit=50 HTTP/1.1" 200 OK
INFO:     127.0.0.1:58761 - "GET /api/tasks?limit=50 HTTP/1.1" 200 OK
INFO:     127.0.0.1:59002 - "GET /api/tasks?limit=50 HTTP/1.1" 200 OK
INFO:     127.0.0.1:59247 - "GET /api/tasks?limit=50 HTTP/1.1" 200 OK
INFO:     127.0.0.1:59490 - "GET /api/tasks?limit=50 HTTP/1.1" 200 OK
INFO:     127.0.0.1:59735 - "GET /api/tasks?limit=50 HTTP/1.1" 200 OK
INFO:     127.0.0.1:59976 - "GET /api/tasks?limit=50 HTTP/1.1" 200 OK
INFO:     127.0.0.1:60220 - "GET /api/tasks?limit=50 HTTP/1.1" 200 OK
INFO:     127.0.0.1:60463 - "GET /api/tasks?limit=50 HTTP/1.1" 200 OK
INFO:     127.0.0.1:60709 - "GET /api/tasks?limit=50 HTTP/1.1" 200 OK
INFO:     127.0.0.1:60960 - "GET /api/tasks?limit=50 HTTP/1.1" 200 OK
INFO:     127.0.0.1:61201 - "GET /api/tasks?limit=50 HTTP/1.1" 200 OK
INFO:     127.0.0.1:61446 - "GET /api/tasks?limit=50 HTTP/1.1" 200 OK
INFO:     127.0.0.1:61688 - "GET /api/tasks?limit=50 HTTP/1.1" 200 OK
INFO:     127.0.0.1:61933 - "GET /api/tasks?limit=50 HTTP/1.1" 200 OK
INFO:     127.0.0.1:62177 - "GET /api/tasks?limit=50 HTTP/1.1" 200 OK
INFO:     127.0.0.1:62417 - "GET /api/tasks?limit=50 HTTP/1.1" 200 OK
INFO:     127.0.0.1:62660 - "GET /api/tasks?limit=50 HTTP/1.1" 200 OK
INFO:     127.0.0.1:62902 - "GET /api/tasks?limit=50 HTTP/1.1" 200 OK
INFO:     127.0.0.1:63145 - "GET /api/tasks?limit=50 HTTP/1.1" 200 OK
INFO:     127.0.0.1:63393 - "GET /api/tasks?limit=50 HTTP/1.1" 200 OK
INFO:     127.0.0.1:63645 - "GET /api/tasks?limit=50 HTTP/1.1" 200 OK
INFO:     127.0.0.1:63895 - "GET /api/tasks?limit=50 HTTP/1.1" 200 OK
INFO:     127.0.0.1:64137 - "GET /api/tasks?limit=50 HTTP/1.1" 200 OK
INFO:     127.0.0.1:64379 - "GET /api/tasks?limit=50 HTTP/1.1" 200 OK
INFO:     127.0.0.1:64627 - "GET /api/tasks?limit=50 HTTP/1.1" 200 OK
INFO:     127.0.0.1:64868 - "GET /api/tasks?limit=50 HTTP/1.1" 200 OK
INFO:     127.0.0.1:65110 - "GET /api/tasks?limit=50 HTTP/1.1" 200 OK
INFO:     127.0.0.1:65359 - "GET /api/tasks?limit=50 HTTP/1.1" 200 OK
INFO:     127.0.0.1:49222 - "GET /api/tasks?limit=50 HTTP/1.1" 200 OK
INFO:     127.0.0.1:49477 - "GET /api/tasks?limit=50 HTTP/1.1" 200 OK
INFO:     127.0.0.1:49721 - "GET /api/tasks?limit=50 HTTP/1.1" 200 OK
INFO:     127.0.0.1:49972 - "GET /api/tasks?limit=50 HTTP/1.1" 200 OK
INFO:     127.0.0.1:50215 - "GET /api/tasks?limit=50 HTTP/1.1" 200 OK
INFO:     127.0.0.1:50457 - "GET /api/tasks?limit=50 HTTP/1.1" 200 OK
INFO:     127.0.0.1:50696 - "GET /api/tasks?limit=50 HTTP/1.1" 200 OK
INFO:     127.0.0.1:50941 - "GET /api/tasks?limit=50 HTTP/1.1" 200 OK
INFO:     127.0.0.1:51183 - "GET /api/tasks?limit=50 HTTP/1.1" 200 OK
INFO:     127.0.0.1:51425 - "GET /api/tasks?limit=50 HTTP/1.1" 200 OK
INFO:     127.0.0.1:51670 - "GET /api/tasks?limit=50 HTTP/1.1" 200 OK
INFO:     127.0.0.1:51916 - "GET /api/tasks?limit=50 HTTP/1.1" 200 OK
INFO:     127.0.0.1:52164 - "GET /api/tasks?limit=50 HTTP/1.1" 200 OK
INFO:     127.0.0.1:52431 - "GET /api/tasks?limit=50 HTTP/1.1" 200 OK
INFO:     127.0.0.1:52700 - "GET /api/tasks?limit=50 HTTP/1.1" 200 OK
INFO:     127.0.0.1:52961 - "GET /api/tasks?limit=50 HTTP/1.1" 200 OK
INFO:     127.0.0.1:53356 - "GET /api/tasks?limit=50 HTTP/1.1" 200 OK
INFO:     127.0.0.1:54244 - "GET /api/tasks?limit=50 HTTP/1.1" 200 OK
INFO:     127.0.0.1:54669 - "GET /api/tasks?limit=50 HTTP/1.1" 200 OK
INFO:     Shutting down
INFO:     Waiting for application shutdown.
INFO:     Application shutdown complete.
INFO:     Finished server process [6901]
INFO:     Stopping reloader process [6692]
INFO:     Will watch for changes in these directories: ['/Users/raghavganesh/Documents/Code Projects/Language Learning Project/agentic_curriculum']
INFO:     Uvicorn running on http://0.0.0.0:8000 (Press CTRL+C to quit)
INFO:     Started reloader process [27385] using WatchFiles
Process SpawnProcess-1:
Traceback (most recent call last):
  File "/Users/raghavganesh/Documents/Code Projects/Language Learning Project/agentic_curriculum/backend/venv/lib/python3.13/site-packages/pydantic_settings/sources.py", line 577, in __call__
    field_value = self.prepare_field_value(field_name, field, field_value, value_is_complex)
  File "/Users/raghavganesh/Documents/Code Projects/Language Learning Project/agentic_curriculum/backend/venv/lib/python3.13/site-packages/pydantic_settings/sources.py", line 797, in prepare_field_value
    raise e
  File "/Users/raghavganesh/Documents/Code Projects/Language Learning Project/agentic_curriculum/backend/venv/lib/python3.13/site-packages/pydantic_settings/sources.py", line 794, in prepare_field_value
    value = self.decode_complex_value(field_name, field, value)
  File "/Users/raghavganesh/Documents/Code Projects/Language Learning Project/agentic_curriculum/backend/venv/lib/python3.13/site-packages/pydantic_settings/sources.py", line 333, in decode_complex_value
    return json.loads(value)
           ~~~~~~~~~~^^^^^^^
  File "/Library/Frameworks/Python.framework/Versions/3.13/lib/python3.13/json/__init__.py", line 346, in loads
    return _default_decoder.decode(s)
           ~~~~~~~~~~~~~~~~~~~~~~~^^^
  File "/Library/Frameworks/Python.framework/Versions/3.13/lib/python3.13/json/decoder.py", line 345, in decode
    obj, end = self.raw_decode(s, idx=_w(s, 0).end())
               ~~~~~~~~~~~~~~~^^^^^^^^^^^^^^^^^^^^^^^
  File "/Library/Frameworks/Python.framework/Versions/3.13/lib/python3.13/json/decoder.py", line 363, in raw_decode
    raise JSONDecodeError("Expecting value", s, err.value) from None
json.decoder.JSONDecodeError: Expecting value: line 1 column 2 (char 1)

The above exception was the direct cause of the following exception:

Traceback (most recent call last):
  File "/Library/Frameworks/Python.framework/Versions/3.13/lib/python3.13/multiprocessing/process.py", line 313, in _bootstrap
    self.run()
    ~~~~~~~~^^
  File "/Library/Frameworks/Python.framework/Versions/3.13/lib/python3.13/multiprocessing/process.py", line 108, in run
    self._target(*self._args, **self._kwargs)
    ~~~~~~~~~~~~^^^^^^^^^^^^^^^^^^^^^^^^^^^^^
  File "/Users/raghavganesh/Documents/Code Projects/Language Learning Project/agentic_curriculum/backend/venv/lib/python3.13/site-packages/uvicorn/_subprocess.py", line 78, in subprocess_started
    target(sockets=sockets)
    ~~~~~~^^^^^^^^^^^^^^^^^
  File "/Users/raghavganesh/Documents/Code Projects/Language Learning Project/agentic_curriculum/backend/venv/lib/python3.13/site-packages/uvicorn/server.py", line 62, in run
    return asyncio.run(self.serve(sockets=sockets))
           ~~~~~~~~~~~^^^^^^^^^^^^^^^^^^^^^^^^^^^^^
  File "/Library/Frameworks/Python.framework/Versions/3.13/lib/python3.13/asyncio/runners.py", line 195, in run
    return runner.run(main)
           ~~~~~~~~~~^^^^^^
  File "/Library/Frameworks/Python.framework/Versions/3.13/lib/python3.13/asyncio/runners.py", line 118, in run
    return self._loop.run_until_complete(task)
           ~~~~~~~~~~~~~~~~~~~~~~~~~~~~~^^^^^^
  File "uvloop/loop.pyx", line 1518, in uvloop.loop.Loop.run_until_complete
  File "/Users/raghavganesh/Documents/Code Projects/Language Learning Project/agentic_curriculum/backend/venv/lib/python3.13/site-packages/uvicorn/server.py", line 69, in serve
    config.load()
    ~~~~~~~~~~~^^
  File "/Users/raghavganesh/Documents/Code Projects/Language Learning Project/agentic_curriculum/backend/venv/lib/python3.13/site-packages/uvicorn/config.py", line 458, in load
    self.loaded_app = import_from_string(self.app)
                      ~~~~~~~~~~~~~~~~~~^^^^^^^^^^
  File "/Users/raghavganesh/Documents/Code Projects/Language Learning Project/agentic_curriculum/backend/venv/lib/python3.13/site-packages/uvicorn/importer.py", line 21, in import_from_string
    module = importlib.import_module(module_str)
  File "/Library/Frameworks/Python.framework/Versions/3.13/lib/python3.13/importlib/__init__.py", line 88, in import_module
    return _bootstrap._gcd_import(name[level:], package, level)
           ~~~~~~~~~~~~~~~~~~~~~~^^^^^^^^^^^^^^^^^^^^^^^^^^^^^^
  File "<frozen importlib._bootstrap>", line 1387, in _gcd_import
  File "<frozen importlib._bootstrap>", line 1360, in _find_and_load
  File "<frozen importlib._bootstrap>", line 1331, in _find_and_load_unlocked
  File "<frozen importlib._bootstrap>", line 935, in _load_unlocked
  File "<frozen importlib._bootstrap_external>", line 1026, in exec_module
  File "<frozen importlib._bootstrap>", line 488, in _call_with_frames_removed
  File "/Users/raghavganesh/Documents/Code Projects/Language Learning Project/agentic_curriculum/backend/server.py", line 17, in <module>
    from .config import settings, get_available_models, MODEL_PRICING
  File "/Users/raghavganesh/Documents/Code Projects/Language Learning Project/agentic_curriculum/backend/config.py", line 122, in <module>
    settings = Settings()
  File "/Users/raghavganesh/Documents/Code Projects/Language Learning Project/agentic_curriculum/backend/venv/lib/python3.13/site-packages/pydantic_settings/main.py", line 172, in __init__
    **__pydantic_self__._settings_build_values(
      ~~~~~~~~~~~~~~~~~~~~~~~~~~~~~~~~~~~~~~~~^
        values,
        ^^^^^^^
    ...<23 lines>...
        _secrets_dir=_secrets_dir,
        ^^^^^^^^^^^^^^^^^^^^^^^^^^
    )
    ^
  File "/Users/raghavganesh/Documents/Code Projects/Language Learning Project/agentic_curriculum/backend/venv/lib/python3.13/site-packages/pydantic_settings/main.py", line 394, in _settings_build_values
    source_state = source()
  File "/Users/raghavganesh/Documents/Code Projects/Language Learning Project/agentic_curriculum/backend/venv/lib/python3.13/site-packages/pydantic_settings/sources.py", line 579, in __call__
    raise SettingsError(
        f'error parsing value for field "{field_name}" from source "{self.__class__.__name__}"'
    ) from e
pydantic_settings.sources.SettingsError: error parsing value for field "cors_origins" from source "EnvSettingsSource"
INFO:     Stopping reloader process [27385]
INFO:     Will watch for changes in these directories: ['/Users/raghavganesh/Documents/Code Projects/Language Learning Project/agentic_curriculum']
INFO:     Uvicorn running on http://0.0.0.0:8000 (Press CTRL+C to quit)
INFO:     Started reloader process [28761] using WatchFiles
INFO:     Started server process [29206]
INFO:     Waiting for application startup.
INFO:     Application startup complete.
INFO:     127.0.0.1:57322 - "GET /api/tasks?limit=50 HTTP/1.1" 200 OK
INFO:     127.0.0.1:57322 - "GET /api/tasks?limit=50 HTTP/1.1" 200 OK
INFO:     127.0.0.1:57322 - "GET /api/tasks?limit=50 HTTP/1.1" 200 OK
INFO:     127.0.0.1:57322 - "GET /api/tasks?limit=50 HTTP/1.1" 200 OK
INFO:     127.0.0.1:57322 - "GET /api/tasks?limit=50 HTTP/1.1" 200 OK
INFO:     127.0.0.1:57322 - "GET /api/tasks?limit=50 HTTP/1.1" 200 OK
INFO:     127.0.0.1:57322 - "GET /api/tasks?limit=50 HTTP/1.1" 200 OK
INFO:     127.0.0.1:57322 - "GET /api/tasks?limit=50 HTTP/1.1" 200 OK
INFO:     127.0.0.1:57322 - "GET /api/tasks?limit=50 HTTP/1.1" 200 OK
INFO:     127.0.0.1:57404 - "GET / HTTP/1.1" 200 OK
INFO:     127.0.0.1:57322 - "GET /api/tasks?limit=50 HTTP/1.1" 200 OK
INFO:     127.0.0.1:57322 - "GET /api/tasks?limit=50 HTTP/1.1" 200 OK
INFO:     127.0.0.1:57322 - "GET /api/tasks?limit=50 HTTP/1.1" 200 OK
INFO:     127.0.0.1:57322 - "GET /api/tasks?limit=50 HTTP/1.1" 200 OK
INFO:     127.0.0.1:57322 - "GET /api/tasks?limit=50 HTTP/1.1" 200 OK
INFO:     127.0.0.1:57322 - "GET /api/tasks?limit=50 HTTP/1.1" 200 OK
INFO:     127.0.0.1:57322 - "GET /api/tasks?limit=50 HTTP/1.1" 200 OK
INFO:     127.0.0.1:57322 - "GET /api/tasks?limit=50 HTTP/1.1" 200 OK
INFO:     127.0.0.1:57322 - "GET /api/tasks?limit=50 HTTP/1.1" 200 OK
INFO:     127.0.0.1:57322 - "GET /api/tasks?limit=50 HTTP/1.1" 200 OK
INFO:     127.0.0.1:57322 - "GET /api/tasks?limit=50 HTTP/1.1" 200 OK
INFO:     127.0.0.1:57322 - "GET /api/tasks?limit=50 HTTP/1.1" 200 OK
INFO:     127.0.0.1:57322 - "GET /api/tasks?limit=50 HTTP/1.1" 200 OK
INFO:     127.0.0.1:57322 - "GET /api/tasks?limit=50 HTTP/1.1" 200 OK
INFO:     127.0.0.1:57322 - "GET /api/tasks?limit=50 HTTP/1.1" 200 OK
INFO:     127.0.0.1:57322 - "GET /api/tasks?limit=50 HTTP/1.1" 200 OK
INFO:     127.0.0.1:57322 - "GET /api/tasks?limit=50 HTTP/1.1" 200 OK
INFO:     127.0.0.1:57322 - "GET /api/tasks?limit=50 HTTP/1.1" 200 OK
INFO:     127.0.0.1:57322 - "GET /api/tasks?limit=50 HTTP/1.1" 200 OK
INFO:     127.0.0.1:57322 - "GET /api/tasks?limit=50 HTTP/1.1" 200 OK
INFO:     127.0.0.1:57322 - "GET /api/tasks?limit=50 HTTP/1.1" 200 OK
INFO:     127.0.0.1:57322 - "GET /api/tasks?limit=50 HTTP/1.1" 200 OK
INFO:     127.0.0.1:57322 - "GET /api/tasks?limit=50 HTTP/1.1" 200 OK
INFO:     127.0.0.1:57322 - "GET /api/tasks?limit=50 HTTP/1.1" 200 OK
INFO:     127.0.0.1:57322 - "GET /api/tasks?limit=50 HTTP/1.1" 200 OK
INFO:     127.0.0.1:57322 - "GET /api/tasks?limit=50 HTTP/1.1" 200 OK
INFO:     127.0.0.1:57924 - "GET /api/tasks?limit=50 HTTP/1.1" 200 OK
INFO:     127.0.0.1:58143 - "GET /api/tasks?limit=50 HTTP/1.1" 200 OK
INFO:     127.0.0.1:58143 - "GET /api/tasks?limit=50 HTTP/1.1" 200 OK
INFO:     127.0.0.1:58143 - "GET /api/tasks?limit=50 HTTP/1.1" 200 OK
INFO:     127.0.0.1:58157 - "GET /api/config HTTP/1.1" 200 OK
INFO:     127.0.0.1:58157 - "GET /api/tools HTTP/1.1" 200 OK
INFO:     127.0.0.1:58157 - "GET /api/system-prompt HTTP/1.1" 200 OK
INFO:     127.0.0.1:58157 - "GET /api/readme HTTP/1.1" 200 OK
INFO:     127.0.0.1:58157 - "GET /api/tasks?limit=50 HTTP/1.1" 200 OK
INFO:     127.0.0.1:58157 - "GET /api/tasks?limit=50 HTTP/1.1" 200 OK
INFO:     127.0.0.1:55906 - "GET /api/config HTTP/1.1" 200 OK
INFO:     127.0.0.1:55906 - "GET /api/tools HTTP/1.1" 200 OK
INFO:     127.0.0.1:55906 - "GET /api/system-prompt HTTP/1.1" 200 OK
INFO:     127.0.0.1:55906 - "GET /api/readme HTTP/1.1" 200 OK
INFO:     127.0.0.1:55906 - "GET /api/tasks?limit=50 HTTP/1.1" 200 OK
